-- The C compiler identification is GNU 11.4.0
-- The CXX compiler identification is GNU 11.4.0
-- Detecting C compiler ABI info
-- Detecting C compiler ABI info - done
-- Check for working C compiler: /usr/bin/cc - skipped
-- Detecting C compile features
-- Detecting C compile features - done
-- Detecting CXX compiler ABI info
-- Detecting CXX compiler ABI info - done
-- Check for working CXX compiler: /usr/bin/c++ - skipped
-- Detecting CXX compile features
-- Detecting CXX compile features - done
-- Found ament_cmake: 1.3.11 (/opt/ros/humble/share/ament_cmake/cmake)
-- Found Python3: /usr/bin/python3 (found version "3.10.12") found components: Interpreter 
-- Override CMake install command with custom implementation using symlinks instead of copying resources
-- Found rclcpp: 16.0.11 (/opt/ros/humble/share/rclcpp/cmake)
-- Found rosidl_generator_c: 3.1.6 (/opt/ros/humble/share/rosidl_generator_c/cmake)
-- Found rosidl_adapter: 3.1.6 (/opt/ros/humble/share/rosidl_adapter/cmake)
-- Found rosidl_generator_cpp: 3.1.6 (/opt/ros/humble/share/rosidl_generator_cpp/cmake)
-- Using all available rosidl_typesupport_c: rosidl_typesupport_fastrtps_c;rosidl_typesupport_introspection_c
-- Using all available rosidl_typesupport_cpp: rosidl_typesupport_fastrtps_cpp;rosidl_typesupport_introspection_cpp
-- Found rmw_implementation_cmake: 6.1.2 (/opt/ros/humble/share/rmw_implementation_cmake/cmake)
-- Found rmw_fastrtps_cpp: 6.2.7 (/opt/ros/humble/share/rmw_fastrtps_cpp/cmake)
-- Found OpenSSL: /usr/lib/x86_64-linux-gnu/libcrypto.so (found version "3.0.2")  
-- Found FastRTPS: /opt/ros/humble/include  
-- Using RMW implementation 'rmw_fastrtps_cpp' as default
-- Looking for pthread.h
-- Looking for pthread.h - found
-- Performing Test CMAKE_HAVE_LIBC_PTHREAD
-- Performing Test CMAKE_HAVE_LIBC_PTHREAD - Success
-- Found Threads: TRUE  
-- Found rclpy: 3.3.15 (/opt/ros/humble/share/rclpy/cmake)
-- Found ament_lint_auto: 0.12.11 (/opt/ros/humble/share/ament_lint_auto/cmake)
-- Added test 'cppcheck' to perform static code analysis on C / C++ code
-- Configured cppcheck include dirs: 
-- Configured cppcheck exclude dirs and/or files: 
-- Added test 'flake8' to check Python code syntax and style conventions
-- Added test 'lint_cmake' to check CMake code style
-- Added test 'pep257' to check Python code against some of the docstring style conventions in PEP 257
-- Added test 'uncrustify' to check C / C++ code style
-- Configured uncrustify additional arguments: 
-- Added test 'xmllint' to check XML markup files
-- Configuring done
-- Generating done
-- Build files have been written to: /home/swpants05/Desktop/AgriProject_Innodrive/src/AgriProject_Innodrive/simple_control/build/simple_control
Built target ament_cmake_python_symlink_simple_control
running egg_info
creating simple_control.egg-info
writing simple_control.egg-info/PKG-INFO
writing dependency_links to simple_control.egg-info/dependency_links.txt
writing top-level names to simple_control.egg-info/top_level.txt
writing manifest file 'simple_control.egg-info/SOURCES.txt'
reading manifest file 'simple_control.egg-info/SOURCES.txt'
writing manifest file 'simple_control.egg-info/SOURCES.txt'
Built target ament_cmake_python_build_simple_control_egg
-- Install configuration: ""
-- Execute custom install script
-- Symlinking: /home/swpants05/Desktop/AgriProject_Innodrive/src/AgriProject_Innodrive/simple_control/install/simple_control/share/simple_control/environment/pythonpath.sh
-- Symlinking: /home/swpants05/Desktop/AgriProject_Innodrive/src/AgriProject_Innodrive/simple_control/install/simple_control/share/simple_control/environment/pythonpath.dsv
-- Symlinking: /home/swpants05/Desktop/AgriProject_Innodrive/src/AgriProject_Innodrive/simple_control/install/simple_control/local/lib/python3.10/dist-packages/simple_control-0.0.0-py3.10.egg-info/PKG-INFO
-- Symlinking: /home/swpants05/Desktop/AgriProject_Innodrive/src/AgriProject_Innodrive/simple_control/install/simple_control/local/lib/python3.10/dist-packages/simple_control-0.0.0-py3.10.egg-info/SOURCES.txt
-- Symlinking: /home/swpants05/Desktop/AgriProject_Innodrive/src/AgriProject_Innodrive/simple_control/install/simple_control/local/lib/python3.10/dist-packages/simple_control-0.0.0-py3.10.egg-info/dependency_links.txt
-- Symlinking: /home/swpants05/Desktop/AgriProject_Innodrive/src/AgriProject_Innodrive/simple_control/install/simple_control/local/lib/python3.10/dist-packages/simple_control-0.0.0-py3.10.egg-info/top_level.txt
-- Symlinking: /home/swpants05/Desktop/AgriProject_Innodrive/src/AgriProject_Innodrive/simple_control/install/simple_control/local/lib/python3.10/dist-packages/simple_control/__init__.py
-- Symlinking: /home/swpants05/Desktop/AgriProject_Innodrive/src/AgriProject_Innodrive/simple_control/install/simple_control/lib/simple_control/keyboard_controller.py
-- Symlinking: /home/swpants05/Desktop/AgriProject_Innodrive/src/AgriProject_Innodrive/simple_control/install/simple_control/share/ament_index/resource_index/package_run_dependencies/simple_control
-- Symlinking: /home/swpants05/Desktop/AgriProject_Innodrive/src/AgriProject_Innodrive/simple_control/install/simple_control/share/ament_index/resource_index/parent_prefix_path/simple_control
-- Symlinking: /home/swpants05/Desktop/AgriProject_Innodrive/src/AgriProject_Innodrive/simple_control/install/simple_control/share/simple_control/environment/ament_prefix_path.sh
-- Symlinking: /home/swpants05/Desktop/AgriProject_Innodrive/src/AgriProject_Innodrive/simple_control/install/simple_control/share/simple_control/environment/ament_prefix_path.dsv
-- Symlinking: /home/swpants05/Desktop/AgriProject_Innodrive/src/AgriProject_Innodrive/simple_control/install/simple_control/share/simple_control/environment/path.sh
-- Symlinking: /home/swpants05/Desktop/AgriProject_Innodrive/src/AgriProject_Innodrive/simple_control/install/simple_control/share/simple_control/environment/path.dsv
-- Symlinking: /home/swpants05/Desktop/AgriProject_Innodrive/src/AgriProject_Innodrive/simple_control/install/simple_control/share/simple_control/local_setup.bash
-- Symlinking: /home/swpants05/Desktop/AgriProject_Innodrive/src/AgriProject_Innodrive/simple_control/install/simple_control/share/simple_control/local_setup.sh
-- Symlinking: /home/swpants05/Desktop/AgriProject_Innodrive/src/AgriProject_Innodrive/simple_control/install/simple_control/share/simple_control/local_setup.zsh
-- Symlinking: /home/swpants05/Desktop/AgriProject_Innodrive/src/AgriProject_Innodrive/simple_control/install/simple_control/share/simple_control/local_setup.dsv
-- Symlinking: /home/swpants05/Desktop/AgriProject_Innodrive/src/AgriProject_Innodrive/simple_control/install/simple_control/share/simple_control/package.dsv
-- Symlinking: /home/swpants05/Desktop/AgriProject_Innodrive/src/AgriProject_Innodrive/simple_control/install/simple_control/share/ament_index/resource_index/packages/simple_control
-- Symlinking: /home/swpants05/Desktop/AgriProject_Innodrive/src/AgriProject_Innodrive/simple_control/install/simple_control/share/simple_control/cmake/simple_controlConfig.cmake
-- Symlinking: /home/swpants05/Desktop/AgriProject_Innodrive/src/AgriProject_Innodrive/simple_control/install/simple_control/share/simple_control/cmake/simple_controlConfig-version.cmake
-- Symlinking: /home/swpants05/Desktop/AgriProject_Innodrive/src/AgriProject_Innodrive/simple_control/install/simple_control/share/simple_control/package.xml
Listing '/home/swpants05/Desktop/AgriProject_Innodrive/src/AgriProject_Innodrive/simple_control/install/simple_control/local/lib/python3.10/dist-packages/simple_control'...
Compiling '/home/swpants05/Desktop/AgriProject_Innodrive/src/AgriProject_Innodrive/simple_control/install/simple_control/local/lib/python3.10/dist-packages/simple_control/__init__.py'...
