[0.008s] Invoking command in '/home/swpants05/Desktop/AgriProject_Innodrive/src/AgriProject_Innodrive/simple_control/build/simple_control': CMAKE_PREFIX_PATH=/opt/ros/humble /usr/bin/cmake /home/swpants05/Desktop/AgriProject_Innodrive/src/AgriProject_Innodrive/simple_control -DAMENT_CMAKE_SYMLINK_INSTALL=1 -DCMAKE_INSTALL_PREFIX=/home/swpants05/Desktop/AgriProject_Innodrive/src/AgriProject_Innodrive/simple_control/install/simple_control
[0.051s] -- The C compiler identification is GNU 11.4.0
[0.096s] -- The CXX compiler identification is GNU 11.4.0
[0.102s] -- Detecting C compiler ABI info
[0.160s] -- Detecting C compiler ABI info - done
[0.166s] -- Check for working C compiler: /usr/bin/cc - skipped
[0.167s] -- Detecting C compile features
[0.167s] -- Detecting C compile features - done
[0.169s] -- Detecting CXX compiler ABI info
[0.238s] -- Detecting CXX compiler ABI info - done
[0.245s] -- Check for working CXX compiler: /usr/bin/c++ - skipped
[0.245s] -- Detecting CXX compile features
[0.246s] -- Detecting CXX compile features - done
[0.248s] -- Found ament_cmake: 1.3.11 (/opt/ros/humble/share/ament_cmake/cmake)
[0.367s] -- Found Python3: /usr/bin/python3 (found version "3.10.12") found components: Interpreter 
[0.413s] -- Override CMake install command with custom implementation using symlinks instead of copying resources
[0.440s] -- Found rclcpp: 16.0.11 (/opt/ros/humble/share/rclcpp/cmake)
[0.475s] -- Found rosidl_generator_c: 3.1.6 (/opt/ros/humble/share/rosidl_generator_c/cmake)
[0.479s] -- Found rosidl_adapter: 3.1.6 (/opt/ros/humble/share/rosidl_adapter/cmake)
[0.485s] -- Found rosidl_generator_cpp: 3.1.6 (/opt/ros/humble/share/rosidl_generator_cpp/cmake)
[0.494s] -- Using all available rosidl_typesupport_c: rosidl_typesupport_fastrtps_c;rosidl_typesupport_introspection_c
[0.507s] -- Using all available rosidl_typesupport_cpp: rosidl_typesupport_fastrtps_cpp;rosidl_typesupport_introspection_cpp
[0.540s] -- Found rmw_implementation_cmake: 6.1.2 (/opt/ros/humble/share/rmw_implementation_cmake/cmake)
[0.542s] -- Found rmw_fastrtps_cpp: 6.2.7 (/opt/ros/humble/share/rmw_fastrtps_cpp/cmake)
[0.618s] -- Found OpenSSL: /usr/lib/x86_64-linux-gnu/libcrypto.so (found version "3.0.2")  
[0.645s] -- Found FastRTPS: /opt/ros/humble/include  
[0.684s] -- Using RMW implementation 'rmw_fastrtps_cpp' as default
[0.692s] -- Looking for pthread.h
[0.754s] -- Looking for pthread.h - found
[0.754s] -- Performing Test CMAKE_HAVE_LIBC_PTHREAD
[0.816s] -- Performing Test CMAKE_HAVE_LIBC_PTHREAD - Success
[0.817s] -- Found Threads: TRUE  
[0.861s] -- Found rclpy: 3.3.15 (/opt/ros/humble/share/rclpy/cmake)
[0.862s] -- Found ament_lint_auto: 0.12.11 (/opt/ros/humble/share/ament_lint_auto/cmake)
[0.943s] -- Added test 'cppcheck' to perform static code analysis on C / C++ code
[0.943s] -- Configured cppcheck include dirs: 
[0.943s] -- Configured cppcheck exclude dirs and/or files: 
[0.944s] -- Added test 'flake8' to check Python code syntax and style conventions
[0.946s] -- Added test 'lint_cmake' to check CMake code style
[0.947s] -- Added test 'pep257' to check Python code against some of the docstring style conventions in PEP 257
[0.952s] -- Added test 'uncrustify' to check C / C++ code style
[0.952s] -- Configured uncrustify additional arguments: 
[0.953s] -- Added test 'xmllint' to check XML markup files
[0.954s] -- Configuring done
[0.959s] -- Generating done
[0.962s] -- Build files have been written to: /home/swpants05/Desktop/AgriProject_Innodrive/src/AgriProject_Innodrive/simple_control/build/simple_control
[0.969s] Invoked command in '/home/swpants05/Desktop/AgriProject_Innodrive/src/AgriProject_Innodrive/simple_control/build/simple_control' returned '0': CMAKE_PREFIX_PATH=/opt/ros/humble /usr/bin/cmake /home/swpants05/Desktop/AgriProject_Innodrive/src/AgriProject_Innodrive/simple_control -DAMENT_CMAKE_SYMLINK_INSTALL=1 -DCMAKE_INSTALL_PREFIX=/home/swpants05/Desktop/AgriProject_Innodrive/src/AgriProject_Innodrive/simple_control/install/simple_control
[0.971s] Invoking command in '/home/swpants05/Desktop/AgriProject_Innodrive/src/AgriProject_Innodrive/simple_control/build/simple_control': CMAKE_PREFIX_PATH=/opt/ros/humble /usr/bin/cmake --build /home/swpants05/Desktop/AgriProject_Innodrive/src/AgriProject_Innodrive/simple_control/build/simple_control -- -j16 -l16
[1.022s] Built target ament_cmake_python_symlink_simple_control
[1.230s] running egg_info
[1.231s] creating simple_control.egg-info
[1.231s] writing simple_control.egg-info/PKG-INFO
[1.231s] writing dependency_links to simple_control.egg-info/dependency_links.txt
[1.231s] writing top-level names to simple_control.egg-info/top_level.txt
[1.231s] writing manifest file 'simple_control.egg-info/SOURCES.txt'
[1.232s] reading manifest file 'simple_control.egg-info/SOURCES.txt'
[1.233s] writing manifest file 'simple_control.egg-info/SOURCES.txt'
[1.254s] Built target ament_cmake_python_build_simple_control_egg
[1.264s] Invoked command in '/home/swpants05/Desktop/AgriProject_Innodrive/src/AgriProject_Innodrive/simple_control/build/simple_control' returned '0': CMAKE_PREFIX_PATH=/opt/ros/humble /usr/bin/cmake --build /home/swpants05/Desktop/AgriProject_Innodrive/src/AgriProject_Innodrive/simple_control/build/simple_control -- -j16 -l16
[1.273s] Invoking command in '/home/swpants05/Desktop/AgriProject_Innodrive/src/AgriProject_Innodrive/simple_control/build/simple_control': CMAKE_PREFIX_PATH=/opt/ros/humble /usr/bin/cmake --install /home/swpants05/Desktop/AgriProject_Innodrive/src/AgriProject_Innodrive/simple_control/build/simple_control
[1.279s] -- Install configuration: ""
[1.280s] -- Execute custom install script
[1.280s] -- Symlinking: /home/swpants05/Desktop/AgriProject_Innodrive/src/AgriProject_Innodrive/simple_control/install/simple_control/share/simple_control/environment/pythonpath.sh
[1.290s] -- Symlinking: /home/swpants05/Desktop/AgriProject_Innodrive/src/AgriProject_Innodrive/simple_control/install/simple_control/share/simple_control/environment/pythonpath.dsv
[1.299s] -- Symlinking: /home/swpants05/Desktop/AgriProject_Innodrive/src/AgriProject_Innodrive/simple_control/install/simple_control/local/lib/python3.10/dist-packages/simple_control-0.0.0-py3.10.egg-info/PKG-INFO
[1.307s] -- Symlinking: /home/swpants05/Desktop/AgriProject_Innodrive/src/AgriProject_Innodrive/simple_control/install/simple_control/local/lib/python3.10/dist-packages/simple_control-0.0.0-py3.10.egg-info/SOURCES.txt
[1.315s] -- Symlinking: /home/swpants05/Desktop/AgriProject_Innodrive/src/AgriProject_Innodrive/simple_control/install/simple_control/local/lib/python3.10/dist-packages/simple_control-0.0.0-py3.10.egg-info/dependency_links.txt
[1.322s] -- Symlinking: /home/swpants05/Desktop/AgriProject_Innodrive/src/AgriProject_Innodrive/simple_control/install/simple_control/local/lib/python3.10/dist-packages/simple_control-0.0.0-py3.10.egg-info/top_level.txt
[1.331s] -- Symlinking: /home/swpants05/Desktop/AgriProject_Innodrive/src/AgriProject_Innodrive/simple_control/install/simple_control/local/lib/python3.10/dist-packages/simple_control/__init__.py
[1.339s] -- Symlinking: /home/swpants05/Desktop/AgriProject_Innodrive/src/AgriProject_Innodrive/simple_control/install/simple_control/lib/simple_control/keyboard_controller.py
[1.347s] -- Symlinking: /home/swpants05/Desktop/AgriProject_Innodrive/src/AgriProject_Innodrive/simple_control/install/simple_control/share/ament_index/resource_index/package_run_dependencies/simple_control
[1.355s] -- Symlinking: /home/swpants05/Desktop/AgriProject_Innodrive/src/AgriProject_Innodrive/simple_control/install/simple_control/share/ament_index/resource_index/parent_prefix_path/simple_control
[1.363s] -- Symlinking: /home/swpants05/Desktop/AgriProject_Innodrive/src/AgriProject_Innodrive/simple_control/install/simple_control/share/simple_control/environment/ament_prefix_path.sh
[1.371s] -- Symlinking: /home/swpants05/Desktop/AgriProject_Innodrive/src/AgriProject_Innodrive/simple_control/install/simple_control/share/simple_control/environment/ament_prefix_path.dsv
[1.379s] -- Symlinking: /home/swpants05/Desktop/AgriProject_Innodrive/src/AgriProject_Innodrive/simple_control/install/simple_control/share/simple_control/environment/path.sh
[1.386s] -- Symlinking: /home/swpants05/Desktop/AgriProject_Innodrive/src/AgriProject_Innodrive/simple_control/install/simple_control/share/simple_control/environment/path.dsv
[1.394s] -- Symlinking: /home/swpants05/Desktop/AgriProject_Innodrive/src/AgriProject_Innodrive/simple_control/install/simple_control/share/simple_control/local_setup.bash
[1.402s] -- Symlinking: /home/swpants05/Desktop/AgriProject_Innodrive/src/AgriProject_Innodrive/simple_control/install/simple_control/share/simple_control/local_setup.sh
[1.409s] -- Symlinking: /home/swpants05/Desktop/AgriProject_Innodrive/src/AgriProject_Innodrive/simple_control/install/simple_control/share/simple_control/local_setup.zsh
[1.417s] -- Symlinking: /home/swpants05/Desktop/AgriProject_Innodrive/src/AgriProject_Innodrive/simple_control/install/simple_control/share/simple_control/local_setup.dsv
[1.425s] -- Symlinking: /home/swpants05/Desktop/AgriProject_Innodrive/src/AgriProject_Innodrive/simple_control/install/simple_control/share/simple_control/package.dsv
[1.433s] -- Symlinking: /home/swpants05/Desktop/AgriProject_Innodrive/src/AgriProject_Innodrive/simple_control/install/simple_control/share/ament_index/resource_index/packages/simple_control
[1.441s] -- Symlinking: /home/swpants05/Desktop/AgriProject_Innodrive/src/AgriProject_Innodrive/simple_control/install/simple_control/share/simple_control/cmake/simple_controlConfig.cmake
[1.449s] -- Symlinking: /home/swpants05/Desktop/AgriProject_Innodrive/src/AgriProject_Innodrive/simple_control/install/simple_control/share/simple_control/cmake/simple_controlConfig-version.cmake
[1.456s] -- Symlinking: /home/swpants05/Desktop/AgriProject_Innodrive/src/AgriProject_Innodrive/simple_control/install/simple_control/share/simple_control/package.xml
[1.487s] Listing '/home/swpants05/Desktop/AgriProject_Innodrive/src/AgriProject_Innodrive/simple_control/install/simple_control/local/lib/python3.10/dist-packages/simple_control'...
[1.487s] Compiling '/home/swpants05/Desktop/AgriProject_Innodrive/src/AgriProject_Innodrive/simple_control/install/simple_control/local/lib/python3.10/dist-packages/simple_control/__init__.py'...
[1.492s] Invoked command in '/home/swpants05/Desktop/AgriProject_Innodrive/src/AgriProject_Innodrive/simple_control/build/simple_control' returned '0': CMAKE_PREFIX_PATH=/opt/ros/humble /usr/bin/cmake --install /home/swpants05/Desktop/AgriProject_Innodrive/src/AgriProject_Innodrive/simple_control/build/simple_control
