[0.090s] DEBUG:colcon:Command line arguments: ['/usr/bin/colcon', 'build', '--symlink-install']
[0.090s] DEBUG:colcon:Parsed command line arguments: Namespace(log_base=None, log_level=None, verb_name='build', build_base='build', install_base='install', merge_install=False, symlink_install=True, test_result_base=None, continue_on_error=False, executor='parallel', parallel_workers=16, event_handlers=None, ignore_user_meta=False, metas=['./colcon.meta'], base_paths=['.'], packages_ignore=None, packages_ignore_regex=None, paths=None, packages_up_to=None, packages_up_to_regex=None, packages_above=None, packages_above_and_dependencies=None, packages_above_depth=None, packages_select_by_dep=None, packages_skip_by_dep=None, packages_skip_up_to=None, packages_select_build_failed=False, packages_skip_build_finished=False, packages_select_test_failures=False, packages_skip_test_passed=False, packages_select=None, packages_skip=None, packages_select_regex=None, packages_skip_regex=None, packages_start=None, packages_end=None, allow_overriding=[], cmake_args=None, cmake_target=None, cmake_target_skip_unavailable=False, cmake_clean_cache=False, cmake_clean_first=False, cmake_force_configure=False, ament_cmake_args=None, catkin_cmake_args=None, catkin_skip_building_tests=False, verb_parser=<colcon_defaults.argument_parser.defaults.DefaultArgumentsDecorator object at 0x734540657490>, verb_extension=<colcon_core.verb.build.BuildVerb object at 0x73454078d030>, main=<bound method BuildVerb.main of <colcon_core.verb.build.BuildVerb object at 0x73454078d030>>)
[0.251s] Level 1:colcon.colcon_core.package_discovery:discover_packages(colcon_meta) check parameters
[0.251s] Level 1:colcon.colcon_core.package_discovery:discover_packages(recursive) check parameters
[0.251s] Level 1:colcon.colcon_core.package_discovery:discover_packages(ignore) check parameters
[0.251s] Level 1:colcon.colcon_core.package_discovery:discover_packages(path) check parameters
[0.251s] Level 1:colcon.colcon_core.package_discovery:discover_packages(colcon_meta) discover
[0.251s] Level 1:colcon.colcon_core.package_discovery:discover_packages(recursive) discover
[0.251s] INFO:colcon.colcon_core.package_discovery:Crawling recursively for packages in '/home/swpants05/Desktop/AgriProject_Innodrive/src/AgriProject_Innodrive/simple_control'
[0.252s] Level 1:colcon.colcon_core.package_identification:_identify(.) by extensions ['ignore', 'ignore_ament_install']
[0.252s] Level 1:colcon.colcon_core.package_identification:_identify(.) by extension 'ignore'
[0.252s] Level 1:colcon.colcon_core.package_identification:_identify(.) by extension 'ignore_ament_install'
[0.252s] Level 1:colcon.colcon_core.package_identification:_identify(.) by extensions ['colcon_pkg']
[0.252s] Level 1:colcon.colcon_core.package_identification:_identify(.) by extension 'colcon_pkg'
[0.252s] Level 1:colcon.colcon_core.package_identification:_identify(.) by extensions ['colcon_meta']
[0.252s] Level 1:colcon.colcon_core.package_identification:_identify(.) by extension 'colcon_meta'
[0.252s] Level 1:colcon.colcon_core.package_identification:_identify(.) by extensions ['ros']
[0.252s] Level 1:colcon.colcon_core.package_identification:_identify(.) by extension 'ros'
[0.268s] DEBUG:colcon.colcon_core.package_identification:Package '.' with type 'ros.ament_cmake' and name 'simple_control'
[0.268s] Level 1:colcon.colcon_core.package_discovery:discover_packages(recursive) using defaults
[0.268s] Level 1:colcon.colcon_core.package_discovery:discover_packages(ignore) discover
[0.268s] Level 1:colcon.colcon_core.package_discovery:discover_packages(ignore) using defaults
[0.268s] Level 1:colcon.colcon_core.package_discovery:discover_packages(path) discover
[0.268s] Level 1:colcon.colcon_core.package_discovery:discover_packages(path) using defaults
[0.282s] Level 1:colcon.colcon_core.package_discovery:discover_packages(prefix_path) check parameters
[0.282s] Level 1:colcon.colcon_core.package_discovery:discover_packages(prefix_path) discover
[0.285s] DEBUG:colcon.colcon_installed_package_information.package_discovery:Found 396 installed packages in /opt/ros/humble
[0.287s] Level 1:colcon.colcon_core.package_discovery:discover_packages(prefix_path) using defaults
[0.324s] Level 5:colcon.colcon_core.verb:set package 'simple_control' build argument 'cmake_args' from command line to 'None'
[0.324s] Level 5:colcon.colcon_core.verb:set package 'simple_control' build argument 'cmake_target' from command line to 'None'
[0.324s] Level 5:colcon.colcon_core.verb:set package 'simple_control' build argument 'cmake_target_skip_unavailable' from command line to 'False'
[0.324s] Level 5:colcon.colcon_core.verb:set package 'simple_control' build argument 'cmake_clean_cache' from command line to 'False'
[0.325s] Level 5:colcon.colcon_core.verb:set package 'simple_control' build argument 'cmake_clean_first' from command line to 'False'
[0.325s] Level 5:colcon.colcon_core.verb:set package 'simple_control' build argument 'cmake_force_configure' from command line to 'False'
[0.325s] Level 5:colcon.colcon_core.verb:set package 'simple_control' build argument 'ament_cmake_args' from command line to 'None'
[0.325s] Level 5:colcon.colcon_core.verb:set package 'simple_control' build argument 'catkin_cmake_args' from command line to 'None'
[0.325s] Level 5:colcon.colcon_core.verb:set package 'simple_control' build argument 'catkin_skip_building_tests' from command line to 'False'
[0.325s] DEBUG:colcon.colcon_core.verb:Building package 'simple_control' with the following arguments: {'ament_cmake_args': None, 'build_base': '/home/swpants05/Desktop/AgriProject_Innodrive/src/AgriProject_Innodrive/simple_control/build/simple_control', 'catkin_cmake_args': None, 'catkin_skip_building_tests': False, 'cmake_args': None, 'cmake_clean_cache': False, 'cmake_clean_first': False, 'cmake_force_configure': False, 'cmake_target': None, 'cmake_target_skip_unavailable': False, 'install_base': '/home/swpants05/Desktop/AgriProject_Innodrive/src/AgriProject_Innodrive/simple_control/install/simple_control', 'merge_install': False, 'path': '/home/swpants05/Desktop/AgriProject_Innodrive/src/AgriProject_Innodrive/simple_control', 'symlink_install': True, 'test_result_base': None}
[0.325s] INFO:colcon.colcon_core.executor:Executing jobs using 'parallel' executor
[0.326s] DEBUG:colcon.colcon_parallel_executor.executor.parallel:run_until_complete
[0.326s] INFO:colcon.colcon_ros.task.ament_cmake.build:Building ROS package in '/home/swpants05/Desktop/AgriProject_Innodrive/src/AgriProject_Innodrive/simple_control' with build type 'ament_cmake'
[0.326s] INFO:colcon.colcon_cmake.task.cmake.build:Building CMake package in '/home/swpants05/Desktop/AgriProject_Innodrive/src/AgriProject_Innodrive/simple_control'
[0.327s] INFO:colcon.colcon_core.plugin_system:Skipping extension 'colcon_core.shell.bat': Not used on non-Windows systems
[0.327s] INFO:colcon.colcon_core.shell:Skip shell extension 'powershell' for command environment: Not usable outside of PowerShell
[0.327s] DEBUG:colcon.colcon_core.shell:Skip shell extension 'dsv' for command environment
[0.334s] DEBUG:colcon.colcon_core.event_handler.log_command:Invoking command in '/home/swpants05/Desktop/AgriProject_Innodrive/src/AgriProject_Innodrive/simple_control/build/simple_control': CMAKE_PREFIX_PATH=/opt/ros/humble /usr/bin/cmake /home/swpants05/Desktop/AgriProject_Innodrive/src/AgriProject_Innodrive/simple_control -DAMENT_CMAKE_SYMLINK_INSTALL=1 -DCMAKE_INSTALL_PREFIX=/home/swpants05/Desktop/AgriProject_Innodrive/src/AgriProject_Innodrive/simple_control/install/simple_control
[1.295s] DEBUG:colcon.colcon_core.event_handler.log_command:Invoked command in '/home/swpants05/Desktop/AgriProject_Innodrive/src/AgriProject_Innodrive/simple_control/build/simple_control' returned '0': CMAKE_PREFIX_PATH=/opt/ros/humble /usr/bin/cmake /home/swpants05/Desktop/AgriProject_Innodrive/src/AgriProject_Innodrive/simple_control -DAMENT_CMAKE_SYMLINK_INSTALL=1 -DCMAKE_INSTALL_PREFIX=/home/swpants05/Desktop/AgriProject_Innodrive/src/AgriProject_Innodrive/simple_control/install/simple_control
[1.297s] DEBUG:colcon.colcon_core.event_handler.log_command:Invoking command in '/home/swpants05/Desktop/AgriProject_Innodrive/src/AgriProject_Innodrive/simple_control/build/simple_control': CMAKE_PREFIX_PATH=/opt/ros/humble /usr/bin/cmake --build /home/swpants05/Desktop/AgriProject_Innodrive/src/AgriProject_Innodrive/simple_control/build/simple_control -- -j16 -l16
[1.590s] DEBUG:colcon.colcon_core.event_handler.log_command:Invoked command in '/home/swpants05/Desktop/AgriProject_Innodrive/src/AgriProject_Innodrive/simple_control/build/simple_control' returned '0': CMAKE_PREFIX_PATH=/opt/ros/humble /usr/bin/cmake --build /home/swpants05/Desktop/AgriProject_Innodrive/src/AgriProject_Innodrive/simple_control/build/simple_control -- -j16 -l16
[1.599s] DEBUG:colcon.colcon_core.event_handler.log_command:Invoking command in '/home/swpants05/Desktop/AgriProject_Innodrive/src/AgriProject_Innodrive/simple_control/build/simple_control': CMAKE_PREFIX_PATH=/opt/ros/humble /usr/bin/cmake --install /home/swpants05/Desktop/AgriProject_Innodrive/src/AgriProject_Innodrive/simple_control/build/simple_control
[1.817s] Level 1:colcon.colcon_core.environment:create_environment_scripts_only(simple_control)
[1.818s] DEBUG:colcon.colcon_core.event_handler.log_command:Invoked command in '/home/swpants05/Desktop/AgriProject_Innodrive/src/AgriProject_Innodrive/simple_control/build/simple_control' returned '0': CMAKE_PREFIX_PATH=/opt/ros/humble /usr/bin/cmake --install /home/swpants05/Desktop/AgriProject_Innodrive/src/AgriProject_Innodrive/simple_control/build/simple_control
[1.819s] Level 1:colcon.colcon_core.environment:checking '/home/swpants05/Desktop/AgriProject_Innodrive/src/AgriProject_Innodrive/simple_control/install/simple_control' for CMake module files
[1.820s] Level 1:colcon.colcon_core.environment:checking '/home/swpants05/Desktop/AgriProject_Innodrive/src/AgriProject_Innodrive/simple_control/install/simple_control' for CMake config files
[1.820s] Level 1:colcon.colcon_core.shell:create_environment_hook('simple_control', 'cmake_prefix_path')
[1.821s] INFO:colcon.colcon_core.shell:Creating environment hook '/home/swpants05/Desktop/AgriProject_Innodrive/src/AgriProject_Innodrive/simple_control/install/simple_control/share/simple_control/hook/cmake_prefix_path.ps1'
[1.821s] INFO:colcon.colcon_core.shell:Creating environment descriptor '/home/swpants05/Desktop/AgriProject_Innodrive/src/AgriProject_Innodrive/simple_control/install/simple_control/share/simple_control/hook/cmake_prefix_path.dsv'
[1.821s] INFO:colcon.colcon_core.shell:Creating environment hook '/home/swpants05/Desktop/AgriProject_Innodrive/src/AgriProject_Innodrive/simple_control/install/simple_control/share/simple_control/hook/cmake_prefix_path.sh'
[1.822s] Level 1:colcon.colcon_core.environment:checking '/home/swpants05/Desktop/AgriProject_Innodrive/src/AgriProject_Innodrive/simple_control/install/simple_control/lib'
[1.822s] Level 1:colcon.colcon_core.environment:checking '/home/swpants05/Desktop/AgriProject_Innodrive/src/AgriProject_Innodrive/simple_control/install/simple_control/bin'
[1.822s] Level 1:colcon.colcon_core.environment:checking '/home/swpants05/Desktop/AgriProject_Innodrive/src/AgriProject_Innodrive/simple_control/install/simple_control/lib/pkgconfig/simple_control.pc'
[1.823s] Level 1:colcon.colcon_core.environment:checking '/home/swpants05/Desktop/AgriProject_Innodrive/src/AgriProject_Innodrive/simple_control/install/simple_control/lib/python3.10/site-packages'
[1.823s] Level 1:colcon.colcon_core.environment:checking '/home/swpants05/Desktop/AgriProject_Innodrive/src/AgriProject_Innodrive/simple_control/install/simple_control/bin'
[1.823s] INFO:colcon.colcon_core.shell:Creating package script '/home/swpants05/Desktop/AgriProject_Innodrive/src/AgriProject_Innodrive/simple_control/install/simple_control/share/simple_control/package.ps1'
[1.824s] INFO:colcon.colcon_core.shell:Creating package descriptor '/home/swpants05/Desktop/AgriProject_Innodrive/src/AgriProject_Innodrive/simple_control/install/simple_control/share/simple_control/package.dsv'
[1.824s] INFO:colcon.colcon_core.shell:Creating package script '/home/swpants05/Desktop/AgriProject_Innodrive/src/AgriProject_Innodrive/simple_control/install/simple_control/share/simple_control/package.sh'
[1.824s] INFO:colcon.colcon_core.shell:Creating package script '/home/swpants05/Desktop/AgriProject_Innodrive/src/AgriProject_Innodrive/simple_control/install/simple_control/share/simple_control/package.bash'
[1.825s] INFO:colcon.colcon_core.shell:Creating package script '/home/swpants05/Desktop/AgriProject_Innodrive/src/AgriProject_Innodrive/simple_control/install/simple_control/share/simple_control/package.zsh'
[1.825s] Level 1:colcon.colcon_core.environment:create_file_with_runtime_dependencies(/home/swpants05/Desktop/AgriProject_Innodrive/src/AgriProject_Innodrive/simple_control/install/simple_control/share/colcon-core/packages/simple_control)
[1.826s] Level 1:colcon.colcon_core.environment:create_environment_scripts_only(simple_control)
[1.826s] Level 1:colcon.colcon_core.environment:checking '/home/swpants05/Desktop/AgriProject_Innodrive/src/AgriProject_Innodrive/simple_control/install/simple_control' for CMake module files
[1.827s] Level 1:colcon.colcon_core.environment:checking '/home/swpants05/Desktop/AgriProject_Innodrive/src/AgriProject_Innodrive/simple_control/install/simple_control' for CMake config files
[1.827s] Level 1:colcon.colcon_core.shell:create_environment_hook('simple_control', 'cmake_prefix_path')
[1.827s] INFO:colcon.colcon_core.shell:Creating environment hook '/home/swpants05/Desktop/AgriProject_Innodrive/src/AgriProject_Innodrive/simple_control/install/simple_control/share/simple_control/hook/cmake_prefix_path.ps1'
[1.828s] INFO:colcon.colcon_core.shell:Creating environment descriptor '/home/swpants05/Desktop/AgriProject_Innodrive/src/AgriProject_Innodrive/simple_control/install/simple_control/share/simple_control/hook/cmake_prefix_path.dsv'
[1.828s] INFO:colcon.colcon_core.shell:Creating environment hook '/home/swpants05/Desktop/AgriProject_Innodrive/src/AgriProject_Innodrive/simple_control/install/simple_control/share/simple_control/hook/cmake_prefix_path.sh'
[1.828s] Level 1:colcon.colcon_core.environment:checking '/home/swpants05/Desktop/AgriProject_Innodrive/src/AgriProject_Innodrive/simple_control/install/simple_control/lib'
[1.829s] Level 1:colcon.colcon_core.environment:checking '/home/swpants05/Desktop/AgriProject_Innodrive/src/AgriProject_Innodrive/simple_control/install/simple_control/bin'
[1.829s] Level 1:colcon.colcon_core.environment:checking '/home/swpants05/Desktop/AgriProject_Innodrive/src/AgriProject_Innodrive/simple_control/install/simple_control/lib/pkgconfig/simple_control.pc'
[1.829s] Level 1:colcon.colcon_core.environment:checking '/home/swpants05/Desktop/AgriProject_Innodrive/src/AgriProject_Innodrive/simple_control/install/simple_control/lib/python3.10/site-packages'
[1.829s] Level 1:colcon.colcon_core.environment:checking '/home/swpants05/Desktop/AgriProject_Innodrive/src/AgriProject_Innodrive/simple_control/install/simple_control/bin'
[1.829s] INFO:colcon.colcon_core.shell:Creating package script '/home/swpants05/Desktop/AgriProject_Innodrive/src/AgriProject_Innodrive/simple_control/install/simple_control/share/simple_control/package.ps1'
[1.829s] INFO:colcon.colcon_core.shell:Creating package descriptor '/home/swpants05/Desktop/AgriProject_Innodrive/src/AgriProject_Innodrive/simple_control/install/simple_control/share/simple_control/package.dsv'
[1.830s] INFO:colcon.colcon_core.shell:Creating package script '/home/swpants05/Desktop/AgriProject_Innodrive/src/AgriProject_Innodrive/simple_control/install/simple_control/share/simple_control/package.sh'
[1.830s] INFO:colcon.colcon_core.shell:Creating package script '/home/swpants05/Desktop/AgriProject_Innodrive/src/AgriProject_Innodrive/simple_control/install/simple_control/share/simple_control/package.bash'
[1.831s] INFO:colcon.colcon_core.shell:Creating package script '/home/swpants05/Desktop/AgriProject_Innodrive/src/AgriProject_Innodrive/simple_control/install/simple_control/share/simple_control/package.zsh'
[1.831s] Level 1:colcon.colcon_core.environment:create_file_with_runtime_dependencies(/home/swpants05/Desktop/AgriProject_Innodrive/src/AgriProject_Innodrive/simple_control/install/simple_control/share/colcon-core/packages/simple_control)
[1.831s] DEBUG:colcon.colcon_parallel_executor.executor.parallel:closing loop
[1.831s] DEBUG:colcon.colcon_parallel_executor.executor.parallel:loop closed
[1.831s] DEBUG:colcon.colcon_parallel_executor.executor.parallel:run_until_complete finished with '0'
[1.832s] DEBUG:colcon.colcon_core.event_reactor:joining thread
[1.836s] INFO:colcon.colcon_core.plugin_system:Skipping extension 'colcon_notification.desktop_notification.terminal_notifier': Not used on non-Darwin systems
[1.836s] INFO:colcon.colcon_core.plugin_system:Skipping extension 'colcon_notification.desktop_notification.win32': Not used on non-Windows systems
[1.836s] INFO:colcon.colcon_notification.desktop_notification:Sending desktop notification using 'notify2'
[1.844s] DEBUG:colcon.colcon_core.event_reactor:joined thread
[1.845s] INFO:colcon.colcon_core.shell:Creating prefix script '/home/swpants05/Desktop/AgriProject_Innodrive/src/AgriProject_Innodrive/simple_control/install/local_setup.ps1'
[1.845s] INFO:colcon.colcon_core.shell:Creating prefix util module '/home/swpants05/Desktop/AgriProject_Innodrive/src/AgriProject_Innodrive/simple_control/install/_local_setup_util_ps1.py'
[1.847s] INFO:colcon.colcon_core.shell:Creating prefix chain script '/home/swpants05/Desktop/AgriProject_Innodrive/src/AgriProject_Innodrive/simple_control/install/setup.ps1'
[1.847s] INFO:colcon.colcon_core.shell:Creating prefix script '/home/swpants05/Desktop/AgriProject_Innodrive/src/AgriProject_Innodrive/simple_control/install/local_setup.sh'
[1.848s] INFO:colcon.colcon_core.shell:Creating prefix util module '/home/swpants05/Desktop/AgriProject_Innodrive/src/AgriProject_Innodrive/simple_control/install/_local_setup_util_sh.py'
[1.848s] INFO:colcon.colcon_core.shell:Creating prefix chain script '/home/swpants05/Desktop/AgriProject_Innodrive/src/AgriProject_Innodrive/simple_control/install/setup.sh'
[1.849s] INFO:colcon.colcon_core.shell:Creating prefix script '/home/swpants05/Desktop/AgriProject_Innodrive/src/AgriProject_Innodrive/simple_control/install/local_setup.bash'
[1.849s] INFO:colcon.colcon_core.shell:Creating prefix chain script '/home/swpants05/Desktop/AgriProject_Innodrive/src/AgriProject_Innodrive/simple_control/install/setup.bash'
[1.850s] INFO:colcon.colcon_core.shell:Creating prefix script '/home/swpants05/Desktop/AgriProject_Innodrive/src/AgriProject_Innodrive/simple_control/install/local_setup.zsh'
[1.850s] INFO:colcon.colcon_core.shell:Creating prefix chain script '/home/swpants05/Desktop/AgriProject_Innodrive/src/AgriProject_Innodrive/simple_control/install/setup.zsh'
